<?xml version="1.0" encoding="utf-8"?>
<testsuites>
<testsuite package="org.eslint" time="0" tests="16" errors="16" name="/Users/john/BB/Code/node_modules/BBCustomTests/index.js">
<testcase time="0" name="org.eslint.logging-must-use-literal-metas"><failure message="Definition for rule &apos;logging-must-use-literal-metas&apos; was not found"><![CDATA[line 2, col 1, Error - Definition for rule &apos;logging-must-use-literal-metas&apos; was not found (logging-must-use-literal-metas)]]></failure></testcase>
<testcase time="0" name="org.eslint.only-import-type"><failure message="Definition for rule &apos;only-import-type&apos; was not found"><![CDATA[line 2, col 1, Error - Definition for rule &apos;only-import-type&apos; was not found (only-import-type)]]></failure></testcase>
<testcase time="0" name="org.eslint.array-concat-assignment"><failure message="Definition for rule &apos;array-concat-assignment&apos; was not found"><![CDATA[line 2, col 1, Error - Definition for rule &apos;array-concat-assignment&apos; was not found (array-concat-assignment)]]></failure></testcase>
<testcase time="0" name="org.eslint.no-annotations-without-flow"><failure message="Definition for rule &apos;no-annotations-without-flow&apos; was not found"><![CDATA[line 2, col 1, Error - Definition for rule &apos;no-annotations-without-flow&apos; was not found (no-annotations-without-flow)]]></failure></testcase>
<testcase time="0" name="org.eslint.require-bluebird-before-using-promise"><failure message="Definition for rule &apos;require-bluebird-before-using-promise&apos; was not found"><![CDATA[line 2, col 1, Error - Definition for rule &apos;require-bluebird-before-using-promise&apos; was not found (require-bluebird-before-using-promise)]]></failure></testcase>
<testcase time="0" name="org.eslint.maximum-file-length"><failure message="Definition for rule &apos;maximum-file-length&apos; was not found"><![CDATA[line 2, col 1, Error - Definition for rule &apos;maximum-file-length&apos; was not found (maximum-file-length)]]></failure></testcase>
<testcase time="0" name="org.eslint.regexes-require-comments"><failure message="Definition for rule &apos;regexes-require-comments&apos; was not found"><![CDATA[line 2, col 1, Error - Definition for rule &apos;regexes-require-comments&apos; was not found (regexes-require-comments)]]></failure></testcase>
<testcase time="0" name="org.eslint.do-not-use-warning"><failure message="Definition for rule &apos;do-not-use-warning&apos; was not found"><![CDATA[line 2, col 1, Error - Definition for rule &apos;do-not-use-warning&apos; was not found (do-not-use-warning)]]></failure></testcase>
<testcase time="0" name="org.eslint.array-concat-arguments"><failure message="Definition for rule &apos;array-concat-arguments&apos; was not found"><![CDATA[line 2, col 1, Error - Definition for rule &apos;array-concat-arguments&apos; was not found (array-concat-arguments)]]></failure></testcase>
<testcase time="0" name="org.eslint.do-not-just-write-err"><failure message="Definition for rule &apos;do-not-just-write-err&apos; was not found"><![CDATA[line 2, col 1, Error - Definition for rule &apos;do-not-just-write-err&apos; was not found (do-not-just-write-err)]]></failure></testcase>
<testcase time="0" name="org.eslint.no-single-param-identifier-logging"><failure message="Definition for rule &apos;no-single-param-identifier-logging&apos; was not found"><![CDATA[line 2, col 1, Error - Definition for rule &apos;no-single-param-identifier-logging&apos; was not found (no-single-param-identifier-logging)]]></failure></testcase>
<testcase time="0" name="org.eslint.valid_settings_only"><failure message="Definition for rule &apos;valid_settings_only&apos; was not found"><![CDATA[line 2, col 1, Error - Definition for rule &apos;valid_settings_only&apos; was not found (valid_settings_only)]]></failure></testcase>
<testcase time="0" name="org.eslint.do-not-use-git-url-parse"><failure message="Definition for rule &apos;do-not-use-git-url-parse&apos; was not found"><![CDATA[line 2, col 1, Error - Definition for rule &apos;do-not-use-git-url-parse&apos; was not found (do-not-use-git-url-parse)]]></failure></testcase>
<testcase time="0" name="org.eslint.must_throw_new"><failure message="Definition for rule &apos;must_throw_new&apos; was not found"><![CDATA[line 2, col 1, Error - Definition for rule &apos;must_throw_new&apos; was not found (must_throw_new)]]></failure></testcase>
<testcase time="0" name="org.eslint.must-return-run-vmcommand"><failure message="Definition for rule &apos;must-return-run-vmcommand&apos; was not found"><![CDATA[line 2, col 1, Error - Definition for rule &apos;must-return-run-vmcommand&apos; was not found (must-return-run-vmcommand)]]></failure></testcase>
<testcase time="0" name="org.eslint.avoid-ambiguous-expressions"><failure message="Definition for rule &apos;avoid-ambiguous-expressions&apos; was not found"><![CDATA[line 2, col 1, Error - Definition for rule &apos;avoid-ambiguous-expressions&apos; was not found (avoid-ambiguous-expressions)]]></failure></testcase>
</testsuite>
<testsuite package="org.eslint" time="0" tests="16" errors="16" name="/Users/john/BB/Code/node_modules/BBCustomTests/lib/customtest_vmtools/helpers/testBuilder.js">
<testcase time="0" name="org.eslint.logging-must-use-literal-metas"><failure message="Definition for rule &apos;logging-must-use-literal-metas&apos; was not found"><![CDATA[line 1, col 1, Error - Definition for rule &apos;logging-must-use-literal-metas&apos; was not found (logging-must-use-literal-metas)]]></failure></testcase>
<testcase time="0" name="org.eslint.only-import-type"><failure message="Definition for rule &apos;only-import-type&apos; was not found"><![CDATA[line 1, col 1, Error - Definition for rule &apos;only-import-type&apos; was not found (only-import-type)]]></failure></testcase>
<testcase time="0" name="org.eslint.array-concat-assignment"><failure message="Definition for rule &apos;array-concat-assignment&apos; was not found"><![CDATA[line 1, col 1, Error - Definition for rule &apos;array-concat-assignment&apos; was not found (array-concat-assignment)]]></failure></testcase>
<testcase time="0" name="org.eslint.no-annotations-without-flow"><failure message="Definition for rule &apos;no-annotations-without-flow&apos; was not found"><![CDATA[line 1, col 1, Error - Definition for rule &apos;no-annotations-without-flow&apos; was not found (no-annotations-without-flow)]]></failure></testcase>
<testcase time="0" name="org.eslint.require-bluebird-before-using-promise"><failure message="Definition for rule &apos;require-bluebird-before-using-promise&apos; was not found"><![CDATA[line 1, col 1, Error - Definition for rule &apos;require-bluebird-before-using-promise&apos; was not found (require-bluebird-before-using-promise)]]></failure></testcase>
<testcase time="0" name="org.eslint.maximum-file-length"><failure message="Definition for rule &apos;maximum-file-length&apos; was not found"><![CDATA[line 1, col 1, Error - Definition for rule &apos;maximum-file-length&apos; was not found (maximum-file-length)]]></failure></testcase>
<testcase time="0" name="org.eslint.regexes-require-comments"><failure message="Definition for rule &apos;regexes-require-comments&apos; was not found"><![CDATA[line 1, col 1, Error - Definition for rule &apos;regexes-require-comments&apos; was not found (regexes-require-comments)]]></failure></testcase>
<testcase time="0" name="org.eslint.do-not-use-warning"><failure message="Definition for rule &apos;do-not-use-warning&apos; was not found"><![CDATA[line 1, col 1, Error - Definition for rule &apos;do-not-use-warning&apos; was not found (do-not-use-warning)]]></failure></testcase>
<testcase time="0" name="org.eslint.array-concat-arguments"><failure message="Definition for rule &apos;array-concat-arguments&apos; was not found"><![CDATA[line 1, col 1, Error - Definition for rule &apos;array-concat-arguments&apos; was not found (array-concat-arguments)]]></failure></testcase>
<testcase time="0" name="org.eslint.do-not-just-write-err"><failure message="Definition for rule &apos;do-not-just-write-err&apos; was not found"><![CDATA[line 1, col 1, Error - Definition for rule &apos;do-not-just-write-err&apos; was not found (do-not-just-write-err)]]></failure></testcase>
<testcase time="0" name="org.eslint.no-single-param-identifier-logging"><failure message="Definition for rule &apos;no-single-param-identifier-logging&apos; was not found"><![CDATA[line 1, col 1, Error - Definition for rule &apos;no-single-param-identifier-logging&apos; was not found (no-single-param-identifier-logging)]]></failure></testcase>
<testcase time="0" name="org.eslint.valid_settings_only"><failure message="Definition for rule &apos;valid_settings_only&apos; was not found"><![CDATA[line 1, col 1, Error - Definition for rule &apos;valid_settings_only&apos; was not found (valid_settings_only)]]></failure></testcase>
<testcase time="0" name="org.eslint.do-not-use-git-url-parse"><failure message="Definition for rule &apos;do-not-use-git-url-parse&apos; was not found"><![CDATA[line 1, col 1, Error - Definition for rule &apos;do-not-use-git-url-parse&apos; was not found (do-not-use-git-url-parse)]]></failure></testcase>
<testcase time="0" name="org.eslint.must_throw_new"><failure message="Definition for rule &apos;must_throw_new&apos; was not found"><![CDATA[line 1, col 1, Error - Definition for rule &apos;must_throw_new&apos; was not found (must_throw_new)]]></failure></testcase>
<testcase time="0" name="org.eslint.must-return-run-vmcommand"><failure message="Definition for rule &apos;must-return-run-vmcommand&apos; was not found"><![CDATA[line 1, col 1, Error - Definition for rule &apos;must-return-run-vmcommand&apos; was not found (must-return-run-vmcommand)]]></failure></testcase>
<testcase time="0" name="org.eslint.avoid-ambiguous-expressions"><failure message="Definition for rule &apos;avoid-ambiguous-expressions&apos; was not found"><![CDATA[line 1, col 1, Error - Definition for rule &apos;avoid-ambiguous-expressions&apos; was not found (avoid-ambiguous-expressions)]]></failure></testcase>
</testsuite>
<testsuite package="org.eslint" time="0" tests="16" errors="16" name="/Users/john/BB/Code/node_modules/BBCustomTests/lib/customtest_vmtools/jsonTestFileParser.js">
<testcase time="0" name="org.eslint.logging-must-use-literal-metas"><failure message="Definition for rule &apos;logging-must-use-literal-metas&apos; was not found"><![CDATA[line 2, col 1, Error - Definition for rule &apos;logging-must-use-literal-metas&apos; was not found (logging-must-use-literal-metas)]]></failure></testcase>
<testcase time="0" name="org.eslint.only-import-type"><failure message="Definition for rule &apos;only-import-type&apos; was not found"><![CDATA[line 2, col 1, Error - Definition for rule &apos;only-import-type&apos; was not found (only-import-type)]]></failure></testcase>
<testcase time="0" name="org.eslint.array-concat-assignment"><failure message="Definition for rule &apos;array-concat-assignment&apos; was not found"><![CDATA[line 2, col 1, Error - Definition for rule &apos;array-concat-assignment&apos; was not found (array-concat-assignment)]]></failure></testcase>
<testcase time="0" name="org.eslint.no-annotations-without-flow"><failure message="Definition for rule &apos;no-annotations-without-flow&apos; was not found"><![CDATA[line 2, col 1, Error - Definition for rule &apos;no-annotations-without-flow&apos; was not found (no-annotations-without-flow)]]></failure></testcase>
<testcase time="0" name="org.eslint.require-bluebird-before-using-promise"><failure message="Definition for rule &apos;require-bluebird-before-using-promise&apos; was not found"><![CDATA[line 2, col 1, Error - Definition for rule &apos;require-bluebird-before-using-promise&apos; was not found (require-bluebird-before-using-promise)]]></failure></testcase>
<testcase time="0" name="org.eslint.maximum-file-length"><failure message="Definition for rule &apos;maximum-file-length&apos; was not found"><![CDATA[line 2, col 1, Error - Definition for rule &apos;maximum-file-length&apos; was not found (maximum-file-length)]]></failure></testcase>
<testcase time="0" name="org.eslint.regexes-require-comments"><failure message="Definition for rule &apos;regexes-require-comments&apos; was not found"><![CDATA[line 2, col 1, Error - Definition for rule &apos;regexes-require-comments&apos; was not found (regexes-require-comments)]]></failure></testcase>
<testcase time="0" name="org.eslint.do-not-use-warning"><failure message="Definition for rule &apos;do-not-use-warning&apos; was not found"><![CDATA[line 2, col 1, Error - Definition for rule &apos;do-not-use-warning&apos; was not found (do-not-use-warning)]]></failure></testcase>
<testcase time="0" name="org.eslint.array-concat-arguments"><failure message="Definition for rule &apos;array-concat-arguments&apos; was not found"><![CDATA[line 2, col 1, Error - Definition for rule &apos;array-concat-arguments&apos; was not found (array-concat-arguments)]]></failure></testcase>
<testcase time="0" name="org.eslint.do-not-just-write-err"><failure message="Definition for rule &apos;do-not-just-write-err&apos; was not found"><![CDATA[line 2, col 1, Error - Definition for rule &apos;do-not-just-write-err&apos; was not found (do-not-just-write-err)]]></failure></testcase>
<testcase time="0" name="org.eslint.no-single-param-identifier-logging"><failure message="Definition for rule &apos;no-single-param-identifier-logging&apos; was not found"><![CDATA[line 2, col 1, Error - Definition for rule &apos;no-single-param-identifier-logging&apos; was not found (no-single-param-identifier-logging)]]></failure></testcase>
<testcase time="0" name="org.eslint.valid_settings_only"><failure message="Definition for rule &apos;valid_settings_only&apos; was not found"><![CDATA[line 2, col 1, Error - Definition for rule &apos;valid_settings_only&apos; was not found (valid_settings_only)]]></failure></testcase>
<testcase time="0" name="org.eslint.do-not-use-git-url-parse"><failure message="Definition for rule &apos;do-not-use-git-url-parse&apos; was not found"><![CDATA[line 2, col 1, Error - Definition for rule &apos;do-not-use-git-url-parse&apos; was not found (do-not-use-git-url-parse)]]></failure></testcase>
<testcase time="0" name="org.eslint.must_throw_new"><failure message="Definition for rule &apos;must_throw_new&apos; was not found"><![CDATA[line 2, col 1, Error - Definition for rule &apos;must_throw_new&apos; was not found (must_throw_new)]]></failure></testcase>
<testcase time="0" name="org.eslint.must-return-run-vmcommand"><failure message="Definition for rule &apos;must-return-run-vmcommand&apos; was not found"><![CDATA[line 2, col 1, Error - Definition for rule &apos;must-return-run-vmcommand&apos; was not found (must-return-run-vmcommand)]]></failure></testcase>
<testcase time="0" name="org.eslint.avoid-ambiguous-expressions"><failure message="Definition for rule &apos;avoid-ambiguous-expressions&apos; was not found"><![CDATA[line 2, col 1, Error - Definition for rule &apos;avoid-ambiguous-expressions&apos; was not found (avoid-ambiguous-expressions)]]></failure></testcase>
</testsuite>
<testsuite package="org.eslint" time="0" tests="16" errors="16" name="/Users/john/BB/Code/node_modules/BBCustomTests/lib/customtest_vmtools/junitTestFileParser.js">
<testcase time="0" name="org.eslint.logging-must-use-literal-metas"><failure message="Definition for rule &apos;logging-must-use-literal-metas&apos; was not found"><![CDATA[line 2, col 1, Error - Definition for rule &apos;logging-must-use-literal-metas&apos; was not found (logging-must-use-literal-metas)]]></failure></testcase>
<testcase time="0" name="org.eslint.only-import-type"><failure message="Definition for rule &apos;only-import-type&apos; was not found"><![CDATA[line 2, col 1, Error - Definition for rule &apos;only-import-type&apos; was not found (only-import-type)]]></failure></testcase>
<testcase time="0" name="org.eslint.array-concat-assignment"><failure message="Definition for rule &apos;array-concat-assignment&apos; was not found"><![CDATA[line 2, col 1, Error - Definition for rule &apos;array-concat-assignment&apos; was not found (array-concat-assignment)]]></failure></testcase>
<testcase time="0" name="org.eslint.no-annotations-without-flow"><failure message="Definition for rule &apos;no-annotations-without-flow&apos; was not found"><![CDATA[line 2, col 1, Error - Definition for rule &apos;no-annotations-without-flow&apos; was not found (no-annotations-without-flow)]]></failure></testcase>
<testcase time="0" name="org.eslint.require-bluebird-before-using-promise"><failure message="Definition for rule &apos;require-bluebird-before-using-promise&apos; was not found"><![CDATA[line 2, col 1, Error - Definition for rule &apos;require-bluebird-before-using-promise&apos; was not found (require-bluebird-before-using-promise)]]></failure></testcase>
<testcase time="0" name="org.eslint.maximum-file-length"><failure message="Definition for rule &apos;maximum-file-length&apos; was not found"><![CDATA[line 2, col 1, Error - Definition for rule &apos;maximum-file-length&apos; was not found (maximum-file-length)]]></failure></testcase>
<testcase time="0" name="org.eslint.regexes-require-comments"><failure message="Definition for rule &apos;regexes-require-comments&apos; was not found"><![CDATA[line 2, col 1, Error - Definition for rule &apos;regexes-require-comments&apos; was not found (regexes-require-comments)]]></failure></testcase>
<testcase time="0" name="org.eslint.do-not-use-warning"><failure message="Definition for rule &apos;do-not-use-warning&apos; was not found"><![CDATA[line 2, col 1, Error - Definition for rule &apos;do-not-use-warning&apos; was not found (do-not-use-warning)]]></failure></testcase>
<testcase time="0" name="org.eslint.array-concat-arguments"><failure message="Definition for rule &apos;array-concat-arguments&apos; was not found"><![CDATA[line 2, col 1, Error - Definition for rule &apos;array-concat-arguments&apos; was not found (array-concat-arguments)]]></failure></testcase>
<testcase time="0" name="org.eslint.do-not-just-write-err"><failure message="Definition for rule &apos;do-not-just-write-err&apos; was not found"><![CDATA[line 2, col 1, Error - Definition for rule &apos;do-not-just-write-err&apos; was not found (do-not-just-write-err)]]></failure></testcase>
<testcase time="0" name="org.eslint.no-single-param-identifier-logging"><failure message="Definition for rule &apos;no-single-param-identifier-logging&apos; was not found"><![CDATA[line 2, col 1, Error - Definition for rule &apos;no-single-param-identifier-logging&apos; was not found (no-single-param-identifier-logging)]]></failure></testcase>
<testcase time="0" name="org.eslint.valid_settings_only"><failure message="Definition for rule &apos;valid_settings_only&apos; was not found"><![CDATA[line 2, col 1, Error - Definition for rule &apos;valid_settings_only&apos; was not found (valid_settings_only)]]></failure></testcase>
<testcase time="0" name="org.eslint.do-not-use-git-url-parse"><failure message="Definition for rule &apos;do-not-use-git-url-parse&apos; was not found"><![CDATA[line 2, col 1, Error - Definition for rule &apos;do-not-use-git-url-parse&apos; was not found (do-not-use-git-url-parse)]]></failure></testcase>
<testcase time="0" name="org.eslint.must_throw_new"><failure message="Definition for rule &apos;must_throw_new&apos; was not found"><![CDATA[line 2, col 1, Error - Definition for rule &apos;must_throw_new&apos; was not found (must_throw_new)]]></failure></testcase>
<testcase time="0" name="org.eslint.must-return-run-vmcommand"><failure message="Definition for rule &apos;must-return-run-vmcommand&apos; was not found"><![CDATA[line 2, col 1, Error - Definition for rule &apos;must-return-run-vmcommand&apos; was not found (must-return-run-vmcommand)]]></failure></testcase>
<testcase time="0" name="org.eslint.avoid-ambiguous-expressions"><failure message="Definition for rule &apos;avoid-ambiguous-expressions&apos; was not found"><![CDATA[line 2, col 1, Error - Definition for rule &apos;avoid-ambiguous-expressions&apos; was not found (avoid-ambiguous-expressions)]]></failure></testcase>
</testsuite>
<testsuite package="org.eslint" time="0" tests="16" errors="16" name="/Users/john/BB/Code/node_modules/BBCustomTests/lib/customtest_vmtools/script.js">
<testcase time="0" name="org.eslint.logging-must-use-literal-metas"><failure message="Definition for rule &apos;logging-must-use-literal-metas&apos; was not found"><![CDATA[line 2, col 1, Error - Definition for rule &apos;logging-must-use-literal-metas&apos; was not found (logging-must-use-literal-metas)]]></failure></testcase>
<testcase time="0" name="org.eslint.only-import-type"><failure message="Definition for rule &apos;only-import-type&apos; was not found"><![CDATA[line 2, col 1, Error - Definition for rule &apos;only-import-type&apos; was not found (only-import-type)]]></failure></testcase>
<testcase time="0" name="org.eslint.array-concat-assignment"><failure message="Definition for rule &apos;array-concat-assignment&apos; was not found"><![CDATA[line 2, col 1, Error - Definition for rule &apos;array-concat-assignment&apos; was not found (array-concat-assignment)]]></failure></testcase>
<testcase time="0" name="org.eslint.no-annotations-without-flow"><failure message="Definition for rule &apos;no-annotations-without-flow&apos; was not found"><![CDATA[line 2, col 1, Error - Definition for rule &apos;no-annotations-without-flow&apos; was not found (no-annotations-without-flow)]]></failure></testcase>
<testcase time="0" name="org.eslint.require-bluebird-before-using-promise"><failure message="Definition for rule &apos;require-bluebird-before-using-promise&apos; was not found"><![CDATA[line 2, col 1, Error - Definition for rule &apos;require-bluebird-before-using-promise&apos; was not found (require-bluebird-before-using-promise)]]></failure></testcase>
<testcase time="0" name="org.eslint.maximum-file-length"><failure message="Definition for rule &apos;maximum-file-length&apos; was not found"><![CDATA[line 2, col 1, Error - Definition for rule &apos;maximum-file-length&apos; was not found (maximum-file-length)]]></failure></testcase>
<testcase time="0" name="org.eslint.regexes-require-comments"><failure message="Definition for rule &apos;regexes-require-comments&apos; was not found"><![CDATA[line 2, col 1, Error - Definition for rule &apos;regexes-require-comments&apos; was not found (regexes-require-comments)]]></failure></testcase>
<testcase time="0" name="org.eslint.do-not-use-warning"><failure message="Definition for rule &apos;do-not-use-warning&apos; was not found"><![CDATA[line 2, col 1, Error - Definition for rule &apos;do-not-use-warning&apos; was not found (do-not-use-warning)]]></failure></testcase>
<testcase time="0" name="org.eslint.array-concat-arguments"><failure message="Definition for rule &apos;array-concat-arguments&apos; was not found"><![CDATA[line 2, col 1, Error - Definition for rule &apos;array-concat-arguments&apos; was not found (array-concat-arguments)]]></failure></testcase>
<testcase time="0" name="org.eslint.do-not-just-write-err"><failure message="Definition for rule &apos;do-not-just-write-err&apos; was not found"><![CDATA[line 2, col 1, Error - Definition for rule &apos;do-not-just-write-err&apos; was not found (do-not-just-write-err)]]></failure></testcase>
<testcase time="0" name="org.eslint.no-single-param-identifier-logging"><failure message="Definition for rule &apos;no-single-param-identifier-logging&apos; was not found"><![CDATA[line 2, col 1, Error - Definition for rule &apos;no-single-param-identifier-logging&apos; was not found (no-single-param-identifier-logging)]]></failure></testcase>
<testcase time="0" name="org.eslint.valid_settings_only"><failure message="Definition for rule &apos;valid_settings_only&apos; was not found"><![CDATA[line 2, col 1, Error - Definition for rule &apos;valid_settings_only&apos; was not found (valid_settings_only)]]></failure></testcase>
<testcase time="0" name="org.eslint.do-not-use-git-url-parse"><failure message="Definition for rule &apos;do-not-use-git-url-parse&apos; was not found"><![CDATA[line 2, col 1, Error - Definition for rule &apos;do-not-use-git-url-parse&apos; was not found (do-not-use-git-url-parse)]]></failure></testcase>
<testcase time="0" name="org.eslint.must_throw_new"><failure message="Definition for rule &apos;must_throw_new&apos; was not found"><![CDATA[line 2, col 1, Error - Definition for rule &apos;must_throw_new&apos; was not found (must_throw_new)]]></failure></testcase>
<testcase time="0" name="org.eslint.must-return-run-vmcommand"><failure message="Definition for rule &apos;must-return-run-vmcommand&apos; was not found"><![CDATA[line 2, col 1, Error - Definition for rule &apos;must-return-run-vmcommand&apos; was not found (must-return-run-vmcommand)]]></failure></testcase>
<testcase time="0" name="org.eslint.avoid-ambiguous-expressions"><failure message="Definition for rule &apos;avoid-ambiguous-expressions&apos; was not found"><![CDATA[line 2, col 1, Error - Definition for rule &apos;avoid-ambiguous-expressions&apos; was not found (avoid-ambiguous-expressions)]]></failure></testcase>
</testsuite>
<testsuite package="org.eslint" time="0" tests="16" errors="16" name="/Users/john/BB/Code/node_modules/BBCustomTests/lib/helpers/parseResultsOnVM.js">
<testcase time="0" name="org.eslint.logging-must-use-literal-metas"><failure message="Definition for rule &apos;logging-must-use-literal-metas&apos; was not found"><![CDATA[line 2, col 1, Error - Definition for rule &apos;logging-must-use-literal-metas&apos; was not found (logging-must-use-literal-metas)]]></failure></testcase>
<testcase time="0" name="org.eslint.only-import-type"><failure message="Definition for rule &apos;only-import-type&apos; was not found"><![CDATA[line 2, col 1, Error - Definition for rule &apos;only-import-type&apos; was not found (only-import-type)]]></failure></testcase>
<testcase time="0" name="org.eslint.array-concat-assignment"><failure message="Definition for rule &apos;array-concat-assignment&apos; was not found"><![CDATA[line 2, col 1, Error - Definition for rule &apos;array-concat-assignment&apos; was not found (array-concat-assignment)]]></failure></testcase>
<testcase time="0" name="org.eslint.no-annotations-without-flow"><failure message="Definition for rule &apos;no-annotations-without-flow&apos; was not found"><![CDATA[line 2, col 1, Error - Definition for rule &apos;no-annotations-without-flow&apos; was not found (no-annotations-without-flow)]]></failure></testcase>
<testcase time="0" name="org.eslint.require-bluebird-before-using-promise"><failure message="Definition for rule &apos;require-bluebird-before-using-promise&apos; was not found"><![CDATA[line 2, col 1, Error - Definition for rule &apos;require-bluebird-before-using-promise&apos; was not found (require-bluebird-before-using-promise)]]></failure></testcase>
<testcase time="0" name="org.eslint.maximum-file-length"><failure message="Definition for rule &apos;maximum-file-length&apos; was not found"><![CDATA[line 2, col 1, Error - Definition for rule &apos;maximum-file-length&apos; was not found (maximum-file-length)]]></failure></testcase>
<testcase time="0" name="org.eslint.regexes-require-comments"><failure message="Definition for rule &apos;regexes-require-comments&apos; was not found"><![CDATA[line 2, col 1, Error - Definition for rule &apos;regexes-require-comments&apos; was not found (regexes-require-comments)]]></failure></testcase>
<testcase time="0" name="org.eslint.do-not-use-warning"><failure message="Definition for rule &apos;do-not-use-warning&apos; was not found"><![CDATA[line 2, col 1, Error - Definition for rule &apos;do-not-use-warning&apos; was not found (do-not-use-warning)]]></failure></testcase>
<testcase time="0" name="org.eslint.array-concat-arguments"><failure message="Definition for rule &apos;array-concat-arguments&apos; was not found"><![CDATA[line 2, col 1, Error - Definition for rule &apos;array-concat-arguments&apos; was not found (array-concat-arguments)]]></failure></testcase>
<testcase time="0" name="org.eslint.do-not-just-write-err"><failure message="Definition for rule &apos;do-not-just-write-err&apos; was not found"><![CDATA[line 2, col 1, Error - Definition for rule &apos;do-not-just-write-err&apos; was not found (do-not-just-write-err)]]></failure></testcase>
<testcase time="0" name="org.eslint.no-single-param-identifier-logging"><failure message="Definition for rule &apos;no-single-param-identifier-logging&apos; was not found"><![CDATA[line 2, col 1, Error - Definition for rule &apos;no-single-param-identifier-logging&apos; was not found (no-single-param-identifier-logging)]]></failure></testcase>
<testcase time="0" name="org.eslint.valid_settings_only"><failure message="Definition for rule &apos;valid_settings_only&apos; was not found"><![CDATA[line 2, col 1, Error - Definition for rule &apos;valid_settings_only&apos; was not found (valid_settings_only)]]></failure></testcase>
<testcase time="0" name="org.eslint.do-not-use-git-url-parse"><failure message="Definition for rule &apos;do-not-use-git-url-parse&apos; was not found"><![CDATA[line 2, col 1, Error - Definition for rule &apos;do-not-use-git-url-parse&apos; was not found (do-not-use-git-url-parse)]]></failure></testcase>
<testcase time="0" name="org.eslint.must_throw_new"><failure message="Definition for rule &apos;must_throw_new&apos; was not found"><![CDATA[line 2, col 1, Error - Definition for rule &apos;must_throw_new&apos; was not found (must_throw_new)]]></failure></testcase>
<testcase time="0" name="org.eslint.must-return-run-vmcommand"><failure message="Definition for rule &apos;must-return-run-vmcommand&apos; was not found"><![CDATA[line 2, col 1, Error - Definition for rule &apos;must-return-run-vmcommand&apos; was not found (must-return-run-vmcommand)]]></failure></testcase>
<testcase time="0" name="org.eslint.avoid-ambiguous-expressions"><failure message="Definition for rule &apos;avoid-ambiguous-expressions&apos; was not found"><![CDATA[line 2, col 1, Error - Definition for rule &apos;avoid-ambiguous-expressions&apos; was not found (avoid-ambiguous-expressions)]]></failure></testcase>
</testsuite>
<testsuite package="org.eslint" time="0" tests="16" errors="16" name="/Users/john/BB/Code/node_modules/BBCustomTests/lib/helpers/processTestResultsSummary.js">
<testcase time="0" name="org.eslint.logging-must-use-literal-metas"><failure message="Definition for rule &apos;logging-must-use-literal-metas&apos; was not found"><![CDATA[line 2, col 1, Error - Definition for rule &apos;logging-must-use-literal-metas&apos; was not found (logging-must-use-literal-metas)]]></failure></testcase>
<testcase time="0" name="org.eslint.only-import-type"><failure message="Definition for rule &apos;only-import-type&apos; was not found"><![CDATA[line 2, col 1, Error - Definition for rule &apos;only-import-type&apos; was not found (only-import-type)]]></failure></testcase>
<testcase time="0" name="org.eslint.array-concat-assignment"><failure message="Definition for rule &apos;array-concat-assignment&apos; was not found"><![CDATA[line 2, col 1, Error - Definition for rule &apos;array-concat-assignment&apos; was not found (array-concat-assignment)]]></failure></testcase>
<testcase time="0" name="org.eslint.no-annotations-without-flow"><failure message="Definition for rule &apos;no-annotations-without-flow&apos; was not found"><![CDATA[line 2, col 1, Error - Definition for rule &apos;no-annotations-without-flow&apos; was not found (no-annotations-without-flow)]]></failure></testcase>
<testcase time="0" name="org.eslint.require-bluebird-before-using-promise"><failure message="Definition for rule &apos;require-bluebird-before-using-promise&apos; was not found"><![CDATA[line 2, col 1, Error - Definition for rule &apos;require-bluebird-before-using-promise&apos; was not found (require-bluebird-before-using-promise)]]></failure></testcase>
<testcase time="0" name="org.eslint.maximum-file-length"><failure message="Definition for rule &apos;maximum-file-length&apos; was not found"><![CDATA[line 2, col 1, Error - Definition for rule &apos;maximum-file-length&apos; was not found (maximum-file-length)]]></failure></testcase>
<testcase time="0" name="org.eslint.regexes-require-comments"><failure message="Definition for rule &apos;regexes-require-comments&apos; was not found"><![CDATA[line 2, col 1, Error - Definition for rule &apos;regexes-require-comments&apos; was not found (regexes-require-comments)]]></failure></testcase>
<testcase time="0" name="org.eslint.do-not-use-warning"><failure message="Definition for rule &apos;do-not-use-warning&apos; was not found"><![CDATA[line 2, col 1, Error - Definition for rule &apos;do-not-use-warning&apos; was not found (do-not-use-warning)]]></failure></testcase>
<testcase time="0" name="org.eslint.array-concat-arguments"><failure message="Definition for rule &apos;array-concat-arguments&apos; was not found"><![CDATA[line 2, col 1, Error - Definition for rule &apos;array-concat-arguments&apos; was not found (array-concat-arguments)]]></failure></testcase>
<testcase time="0" name="org.eslint.do-not-just-write-err"><failure message="Definition for rule &apos;do-not-just-write-err&apos; was not found"><![CDATA[line 2, col 1, Error - Definition for rule &apos;do-not-just-write-err&apos; was not found (do-not-just-write-err)]]></failure></testcase>
<testcase time="0" name="org.eslint.no-single-param-identifier-logging"><failure message="Definition for rule &apos;no-single-param-identifier-logging&apos; was not found"><![CDATA[line 2, col 1, Error - Definition for rule &apos;no-single-param-identifier-logging&apos; was not found (no-single-param-identifier-logging)]]></failure></testcase>
<testcase time="0" name="org.eslint.valid_settings_only"><failure message="Definition for rule &apos;valid_settings_only&apos; was not found"><![CDATA[line 2, col 1, Error - Definition for rule &apos;valid_settings_only&apos; was not found (valid_settings_only)]]></failure></testcase>
<testcase time="0" name="org.eslint.do-not-use-git-url-parse"><failure message="Definition for rule &apos;do-not-use-git-url-parse&apos; was not found"><![CDATA[line 2, col 1, Error - Definition for rule &apos;do-not-use-git-url-parse&apos; was not found (do-not-use-git-url-parse)]]></failure></testcase>
<testcase time="0" name="org.eslint.must_throw_new"><failure message="Definition for rule &apos;must_throw_new&apos; was not found"><![CDATA[line 2, col 1, Error - Definition for rule &apos;must_throw_new&apos; was not found (must_throw_new)]]></failure></testcase>
<testcase time="0" name="org.eslint.must-return-run-vmcommand"><failure message="Definition for rule &apos;must-return-run-vmcommand&apos; was not found"><![CDATA[line 2, col 1, Error - Definition for rule &apos;must-return-run-vmcommand&apos; was not found (must-return-run-vmcommand)]]></failure></testcase>
<testcase time="0" name="org.eslint.avoid-ambiguous-expressions"><failure message="Definition for rule &apos;avoid-ambiguous-expressions&apos; was not found"><![CDATA[line 2, col 1, Error - Definition for rule &apos;avoid-ambiguous-expressions&apos; was not found (avoid-ambiguous-expressions)]]></failure></testcase>
</testsuite>
<testsuite package="org.eslint" time="0" tests="16" errors="16" name="/Users/john/BB/Code/node_modules/BBCustomTests/lib/helpers/rsyncTools.js">
<testcase time="0" name="org.eslint.logging-must-use-literal-metas"><failure message="Definition for rule &apos;logging-must-use-literal-metas&apos; was not found"><![CDATA[line 2, col 1, Error - Definition for rule &apos;logging-must-use-literal-metas&apos; was not found (logging-must-use-literal-metas)]]></failure></testcase>
<testcase time="0" name="org.eslint.only-import-type"><failure message="Definition for rule &apos;only-import-type&apos; was not found"><![CDATA[line 2, col 1, Error - Definition for rule &apos;only-import-type&apos; was not found (only-import-type)]]></failure></testcase>
<testcase time="0" name="org.eslint.array-concat-assignment"><failure message="Definition for rule &apos;array-concat-assignment&apos; was not found"><![CDATA[line 2, col 1, Error - Definition for rule &apos;array-concat-assignment&apos; was not found (array-concat-assignment)]]></failure></testcase>
<testcase time="0" name="org.eslint.no-annotations-without-flow"><failure message="Definition for rule &apos;no-annotations-without-flow&apos; was not found"><![CDATA[line 2, col 1, Error - Definition for rule &apos;no-annotations-without-flow&apos; was not found (no-annotations-without-flow)]]></failure></testcase>
<testcase time="0" name="org.eslint.require-bluebird-before-using-promise"><failure message="Definition for rule &apos;require-bluebird-before-using-promise&apos; was not found"><![CDATA[line 2, col 1, Error - Definition for rule &apos;require-bluebird-before-using-promise&apos; was not found (require-bluebird-before-using-promise)]]></failure></testcase>
<testcase time="0" name="org.eslint.maximum-file-length"><failure message="Definition for rule &apos;maximum-file-length&apos; was not found"><![CDATA[line 2, col 1, Error - Definition for rule &apos;maximum-file-length&apos; was not found (maximum-file-length)]]></failure></testcase>
<testcase time="0" name="org.eslint.regexes-require-comments"><failure message="Definition for rule &apos;regexes-require-comments&apos; was not found"><![CDATA[line 2, col 1, Error - Definition for rule &apos;regexes-require-comments&apos; was not found (regexes-require-comments)]]></failure></testcase>
<testcase time="0" name="org.eslint.do-not-use-warning"><failure message="Definition for rule &apos;do-not-use-warning&apos; was not found"><![CDATA[line 2, col 1, Error - Definition for rule &apos;do-not-use-warning&apos; was not found (do-not-use-warning)]]></failure></testcase>
<testcase time="0" name="org.eslint.array-concat-arguments"><failure message="Definition for rule &apos;array-concat-arguments&apos; was not found"><![CDATA[line 2, col 1, Error - Definition for rule &apos;array-concat-arguments&apos; was not found (array-concat-arguments)]]></failure></testcase>
<testcase time="0" name="org.eslint.do-not-just-write-err"><failure message="Definition for rule &apos;do-not-just-write-err&apos; was not found"><![CDATA[line 2, col 1, Error - Definition for rule &apos;do-not-just-write-err&apos; was not found (do-not-just-write-err)]]></failure></testcase>
<testcase time="0" name="org.eslint.no-single-param-identifier-logging"><failure message="Definition for rule &apos;no-single-param-identifier-logging&apos; was not found"><![CDATA[line 2, col 1, Error - Definition for rule &apos;no-single-param-identifier-logging&apos; was not found (no-single-param-identifier-logging)]]></failure></testcase>
<testcase time="0" name="org.eslint.valid_settings_only"><failure message="Definition for rule &apos;valid_settings_only&apos; was not found"><![CDATA[line 2, col 1, Error - Definition for rule &apos;valid_settings_only&apos; was not found (valid_settings_only)]]></failure></testcase>
<testcase time="0" name="org.eslint.do-not-use-git-url-parse"><failure message="Definition for rule &apos;do-not-use-git-url-parse&apos; was not found"><![CDATA[line 2, col 1, Error - Definition for rule &apos;do-not-use-git-url-parse&apos; was not found (do-not-use-git-url-parse)]]></failure></testcase>
<testcase time="0" name="org.eslint.must_throw_new"><failure message="Definition for rule &apos;must_throw_new&apos; was not found"><![CDATA[line 2, col 1, Error - Definition for rule &apos;must_throw_new&apos; was not found (must_throw_new)]]></failure></testcase>
<testcase time="0" name="org.eslint.must-return-run-vmcommand"><failure message="Definition for rule &apos;must-return-run-vmcommand&apos; was not found"><![CDATA[line 2, col 1, Error - Definition for rule &apos;must-return-run-vmcommand&apos; was not found (must-return-run-vmcommand)]]></failure></testcase>
<testcase time="0" name="org.eslint.avoid-ambiguous-expressions"><failure message="Definition for rule &apos;avoid-ambiguous-expressions&apos; was not found"><![CDATA[line 2, col 1, Error - Definition for rule &apos;avoid-ambiguous-expressions&apos; was not found (avoid-ambiguous-expressions)]]></failure></testcase>
</testsuite>
<testsuite package="org.eslint" time="0" tests="16" errors="16" name="/Users/john/BB/Code/node_modules/BBCustomTests/lib/helpers/uploadTestResultsToS3.js">
<testcase time="0" name="org.eslint.logging-must-use-literal-metas"><failure message="Definition for rule &apos;logging-must-use-literal-metas&apos; was not found"><![CDATA[line 2, col 1, Error - Definition for rule &apos;logging-must-use-literal-metas&apos; was not found (logging-must-use-literal-metas)]]></failure></testcase>
<testcase time="0" name="org.eslint.only-import-type"><failure message="Definition for rule &apos;only-import-type&apos; was not found"><![CDATA[line 2, col 1, Error - Definition for rule &apos;only-import-type&apos; was not found (only-import-type)]]></failure></testcase>
<testcase time="0" name="org.eslint.array-concat-assignment"><failure message="Definition for rule &apos;array-concat-assignment&apos; was not found"><![CDATA[line 2, col 1, Error - Definition for rule &apos;array-concat-assignment&apos; was not found (array-concat-assignment)]]></failure></testcase>
<testcase time="0" name="org.eslint.no-annotations-without-flow"><failure message="Definition for rule &apos;no-annotations-without-flow&apos; was not found"><![CDATA[line 2, col 1, Error - Definition for rule &apos;no-annotations-without-flow&apos; was not found (no-annotations-without-flow)]]></failure></testcase>
<testcase time="0" name="org.eslint.require-bluebird-before-using-promise"><failure message="Definition for rule &apos;require-bluebird-before-using-promise&apos; was not found"><![CDATA[line 2, col 1, Error - Definition for rule &apos;require-bluebird-before-using-promise&apos; was not found (require-bluebird-before-using-promise)]]></failure></testcase>
<testcase time="0" name="org.eslint.maximum-file-length"><failure message="Definition for rule &apos;maximum-file-length&apos; was not found"><![CDATA[line 2, col 1, Error - Definition for rule &apos;maximum-file-length&apos; was not found (maximum-file-length)]]></failure></testcase>
<testcase time="0" name="org.eslint.regexes-require-comments"><failure message="Definition for rule &apos;regexes-require-comments&apos; was not found"><![CDATA[line 2, col 1, Error - Definition for rule &apos;regexes-require-comments&apos; was not found (regexes-require-comments)]]></failure></testcase>
<testcase time="0" name="org.eslint.do-not-use-warning"><failure message="Definition for rule &apos;do-not-use-warning&apos; was not found"><![CDATA[line 2, col 1, Error - Definition for rule &apos;do-not-use-warning&apos; was not found (do-not-use-warning)]]></failure></testcase>
<testcase time="0" name="org.eslint.array-concat-arguments"><failure message="Definition for rule &apos;array-concat-arguments&apos; was not found"><![CDATA[line 2, col 1, Error - Definition for rule &apos;array-concat-arguments&apos; was not found (array-concat-arguments)]]></failure></testcase>
<testcase time="0" name="org.eslint.do-not-just-write-err"><failure message="Definition for rule &apos;do-not-just-write-err&apos; was not found"><![CDATA[line 2, col 1, Error - Definition for rule &apos;do-not-just-write-err&apos; was not found (do-not-just-write-err)]]></failure></testcase>
<testcase time="0" name="org.eslint.no-single-param-identifier-logging"><failure message="Definition for rule &apos;no-single-param-identifier-logging&apos; was not found"><![CDATA[line 2, col 1, Error - Definition for rule &apos;no-single-param-identifier-logging&apos; was not found (no-single-param-identifier-logging)]]></failure></testcase>
<testcase time="0" name="org.eslint.valid_settings_only"><failure message="Definition for rule &apos;valid_settings_only&apos; was not found"><![CDATA[line 2, col 1, Error - Definition for rule &apos;valid_settings_only&apos; was not found (valid_settings_only)]]></failure></testcase>
<testcase time="0" name="org.eslint.do-not-use-git-url-parse"><failure message="Definition for rule &apos;do-not-use-git-url-parse&apos; was not found"><![CDATA[line 2, col 1, Error - Definition for rule &apos;do-not-use-git-url-parse&apos; was not found (do-not-use-git-url-parse)]]></failure></testcase>
<testcase time="0" name="org.eslint.must_throw_new"><failure message="Definition for rule &apos;must_throw_new&apos; was not found"><![CDATA[line 2, col 1, Error - Definition for rule &apos;must_throw_new&apos; was not found (must_throw_new)]]></failure></testcase>
<testcase time="0" name="org.eslint.must-return-run-vmcommand"><failure message="Definition for rule &apos;must-return-run-vmcommand&apos; was not found"><![CDATA[line 2, col 1, Error - Definition for rule &apos;must-return-run-vmcommand&apos; was not found (must-return-run-vmcommand)]]></failure></testcase>
<testcase time="0" name="org.eslint.avoid-ambiguous-expressions"><failure message="Definition for rule &apos;avoid-ambiguous-expressions&apos; was not found"><![CDATA[line 2, col 1, Error - Definition for rule &apos;avoid-ambiguous-expressions&apos; was not found (avoid-ambiguous-expressions)]]></failure></testcase>
</testsuite>
<testsuite package="org.eslint" time="0" tests="1" errors="1" name="/Users/john/BB/Code/node_modules/BBCustomTests/package.json">
<testcase time="0" name="org.eslint.unknown"><error message="Parsing error: Unexpected token, expected ;&#10;&#10;  1 | {&#10;&gt; 2 |   &quot;name&quot;: &quot;BBCustomTests&quot;,&#10;    |         ^&#10;  3 |   &quot;version&quot;: &quot;1.0.0&quot;,&#10;  4 |   &quot;description&quot;: &quot;&quot;,&#10;  5 |   &quot;main&quot;: &quot;index.js&quot;,"><![CDATA[line 2, col 9, Error - Parsing error: Unexpected token, expected ;&#10;&#10;  1 | {&#10;&gt; 2 |   &quot;name&quot;: &quot;BBCustomTests&quot;,&#10;    |         ^&#10;  3 |   &quot;version&quot;: &quot;1.0.0&quot;,&#10;  4 |   &quot;description&quot;: &quot;&quot;,&#10;  5 |   &quot;main&quot;: &quot;index.js&quot;,]]></error></testcase>
</testsuite>
<testsuite package="org.eslint" time="0" tests="16" errors="16" name="/Users/john/BB/Code/node_modules/BBCustomTests/test/caseBuilder_test_spec.js">
<testcase time="0" name="org.eslint.logging-must-use-literal-metas"><failure message="Definition for rule &apos;logging-must-use-literal-metas&apos; was not found"><![CDATA[line 2, col 1, Error - Definition for rule &apos;logging-must-use-literal-metas&apos; was not found (logging-must-use-literal-metas)]]></failure></testcase>
<testcase time="0" name="org.eslint.only-import-type"><failure message="Definition for rule &apos;only-import-type&apos; was not found"><![CDATA[line 2, col 1, Error - Definition for rule &apos;only-import-type&apos; was not found (only-import-type)]]></failure></testcase>
<testcase time="0" name="org.eslint.array-concat-assignment"><failure message="Definition for rule &apos;array-concat-assignment&apos; was not found"><![CDATA[line 2, col 1, Error - Definition for rule &apos;array-concat-assignment&apos; was not found (array-concat-assignment)]]></failure></testcase>
<testcase time="0" name="org.eslint.no-annotations-without-flow"><failure message="Definition for rule &apos;no-annotations-without-flow&apos; was not found"><![CDATA[line 2, col 1, Error - Definition for rule &apos;no-annotations-without-flow&apos; was not found (no-annotations-without-flow)]]></failure></testcase>
<testcase time="0" name="org.eslint.require-bluebird-before-using-promise"><failure message="Definition for rule &apos;require-bluebird-before-using-promise&apos; was not found"><![CDATA[line 2, col 1, Error - Definition for rule &apos;require-bluebird-before-using-promise&apos; was not found (require-bluebird-before-using-promise)]]></failure></testcase>
<testcase time="0" name="org.eslint.maximum-file-length"><failure message="Definition for rule &apos;maximum-file-length&apos; was not found"><![CDATA[line 2, col 1, Error - Definition for rule &apos;maximum-file-length&apos; was not found (maximum-file-length)]]></failure></testcase>
<testcase time="0" name="org.eslint.regexes-require-comments"><failure message="Definition for rule &apos;regexes-require-comments&apos; was not found"><![CDATA[line 2, col 1, Error - Definition for rule &apos;regexes-require-comments&apos; was not found (regexes-require-comments)]]></failure></testcase>
<testcase time="0" name="org.eslint.do-not-use-warning"><failure message="Definition for rule &apos;do-not-use-warning&apos; was not found"><![CDATA[line 2, col 1, Error - Definition for rule &apos;do-not-use-warning&apos; was not found (do-not-use-warning)]]></failure></testcase>
<testcase time="0" name="org.eslint.array-concat-arguments"><failure message="Definition for rule &apos;array-concat-arguments&apos; was not found"><![CDATA[line 2, col 1, Error - Definition for rule &apos;array-concat-arguments&apos; was not found (array-concat-arguments)]]></failure></testcase>
<testcase time="0" name="org.eslint.do-not-just-write-err"><failure message="Definition for rule &apos;do-not-just-write-err&apos; was not found"><![CDATA[line 2, col 1, Error - Definition for rule &apos;do-not-just-write-err&apos; was not found (do-not-just-write-err)]]></failure></testcase>
<testcase time="0" name="org.eslint.no-single-param-identifier-logging"><failure message="Definition for rule &apos;no-single-param-identifier-logging&apos; was not found"><![CDATA[line 2, col 1, Error - Definition for rule &apos;no-single-param-identifier-logging&apos; was not found (no-single-param-identifier-logging)]]></failure></testcase>
<testcase time="0" name="org.eslint.valid_settings_only"><failure message="Definition for rule &apos;valid_settings_only&apos; was not found"><![CDATA[line 2, col 1, Error - Definition for rule &apos;valid_settings_only&apos; was not found (valid_settings_only)]]></failure></testcase>
<testcase time="0" name="org.eslint.do-not-use-git-url-parse"><failure message="Definition for rule &apos;do-not-use-git-url-parse&apos; was not found"><![CDATA[line 2, col 1, Error - Definition for rule &apos;do-not-use-git-url-parse&apos; was not found (do-not-use-git-url-parse)]]></failure></testcase>
<testcase time="0" name="org.eslint.must_throw_new"><failure message="Definition for rule &apos;must_throw_new&apos; was not found"><![CDATA[line 2, col 1, Error - Definition for rule &apos;must_throw_new&apos; was not found (must_throw_new)]]></failure></testcase>
<testcase time="0" name="org.eslint.must-return-run-vmcommand"><failure message="Definition for rule &apos;must-return-run-vmcommand&apos; was not found"><![CDATA[line 2, col 1, Error - Definition for rule &apos;must-return-run-vmcommand&apos; was not found (must-return-run-vmcommand)]]></failure></testcase>
<testcase time="0" name="org.eslint.avoid-ambiguous-expressions"><failure message="Definition for rule &apos;avoid-ambiguous-expressions&apos; was not found"><![CDATA[line 2, col 1, Error - Definition for rule &apos;avoid-ambiguous-expressions&apos; was not found (avoid-ambiguous-expressions)]]></failure></testcase>
</testsuite>
<testsuite package="org.eslint" time="0" tests="16" errors="16" name="/Users/john/BB/Code/node_modules/BBCustomTests/test/junit_test_spec.js">
<testcase time="0" name="org.eslint.logging-must-use-literal-metas"><failure message="Definition for rule &apos;logging-must-use-literal-metas&apos; was not found"><![CDATA[line 2, col 1, Error - Definition for rule &apos;logging-must-use-literal-metas&apos; was not found (logging-must-use-literal-metas)]]></failure></testcase>
<testcase time="0" name="org.eslint.only-import-type"><failure message="Definition for rule &apos;only-import-type&apos; was not found"><![CDATA[line 2, col 1, Error - Definition for rule &apos;only-import-type&apos; was not found (only-import-type)]]></failure></testcase>
<testcase time="0" name="org.eslint.array-concat-assignment"><failure message="Definition for rule &apos;array-concat-assignment&apos; was not found"><![CDATA[line 2, col 1, Error - Definition for rule &apos;array-concat-assignment&apos; was not found (array-concat-assignment)]]></failure></testcase>
<testcase time="0" name="org.eslint.no-annotations-without-flow"><failure message="Definition for rule &apos;no-annotations-without-flow&apos; was not found"><![CDATA[line 2, col 1, Error - Definition for rule &apos;no-annotations-without-flow&apos; was not found (no-annotations-without-flow)]]></failure></testcase>
<testcase time="0" name="org.eslint.require-bluebird-before-using-promise"><failure message="Definition for rule &apos;require-bluebird-before-using-promise&apos; was not found"><![CDATA[line 2, col 1, Error - Definition for rule &apos;require-bluebird-before-using-promise&apos; was not found (require-bluebird-before-using-promise)]]></failure></testcase>
<testcase time="0" name="org.eslint.maximum-file-length"><failure message="Definition for rule &apos;maximum-file-length&apos; was not found"><![CDATA[line 2, col 1, Error - Definition for rule &apos;maximum-file-length&apos; was not found (maximum-file-length)]]></failure></testcase>
<testcase time="0" name="org.eslint.regexes-require-comments"><failure message="Definition for rule &apos;regexes-require-comments&apos; was not found"><![CDATA[line 2, col 1, Error - Definition for rule &apos;regexes-require-comments&apos; was not found (regexes-require-comments)]]></failure></testcase>
<testcase time="0" name="org.eslint.do-not-use-warning"><failure message="Definition for rule &apos;do-not-use-warning&apos; was not found"><![CDATA[line 2, col 1, Error - Definition for rule &apos;do-not-use-warning&apos; was not found (do-not-use-warning)]]></failure></testcase>
<testcase time="0" name="org.eslint.array-concat-arguments"><failure message="Definition for rule &apos;array-concat-arguments&apos; was not found"><![CDATA[line 2, col 1, Error - Definition for rule &apos;array-concat-arguments&apos; was not found (array-concat-arguments)]]></failure></testcase>
<testcase time="0" name="org.eslint.do-not-just-write-err"><failure message="Definition for rule &apos;do-not-just-write-err&apos; was not found"><![CDATA[line 2, col 1, Error - Definition for rule &apos;do-not-just-write-err&apos; was not found (do-not-just-write-err)]]></failure></testcase>
<testcase time="0" name="org.eslint.no-single-param-identifier-logging"><failure message="Definition for rule &apos;no-single-param-identifier-logging&apos; was not found"><![CDATA[line 2, col 1, Error - Definition for rule &apos;no-single-param-identifier-logging&apos; was not found (no-single-param-identifier-logging)]]></failure></testcase>
<testcase time="0" name="org.eslint.valid_settings_only"><failure message="Definition for rule &apos;valid_settings_only&apos; was not found"><![CDATA[line 2, col 1, Error - Definition for rule &apos;valid_settings_only&apos; was not found (valid_settings_only)]]></failure></testcase>
<testcase time="0" name="org.eslint.do-not-use-git-url-parse"><failure message="Definition for rule &apos;do-not-use-git-url-parse&apos; was not found"><![CDATA[line 2, col 1, Error - Definition for rule &apos;do-not-use-git-url-parse&apos; was not found (do-not-use-git-url-parse)]]></failure></testcase>
<testcase time="0" name="org.eslint.must_throw_new"><failure message="Definition for rule &apos;must_throw_new&apos; was not found"><![CDATA[line 2, col 1, Error - Definition for rule &apos;must_throw_new&apos; was not found (must_throw_new)]]></failure></testcase>
<testcase time="0" name="org.eslint.must-return-run-vmcommand"><failure message="Definition for rule &apos;must-return-run-vmcommand&apos; was not found"><![CDATA[line 2, col 1, Error - Definition for rule &apos;must-return-run-vmcommand&apos; was not found (must-return-run-vmcommand)]]></failure></testcase>
<testcase time="0" name="org.eslint.avoid-ambiguous-expressions"><failure message="Definition for rule &apos;avoid-ambiguous-expressions&apos; was not found"><![CDATA[line 2, col 1, Error - Definition for rule &apos;avoid-ambiguous-expressions&apos; was not found (avoid-ambiguous-expressions)]]></failure></testcase>
</testsuite>
<testsuite package="org.eslint" time="0" tests="16" errors="16" name="/Users/john/BB/Code/node_modules/BBCustomTests/test/suiteBuilder_test_spec.js">
<testcase time="0" name="org.eslint.logging-must-use-literal-metas"><failure message="Definition for rule &apos;logging-must-use-literal-metas&apos; was not found"><![CDATA[line 2, col 1, Error - Definition for rule &apos;logging-must-use-literal-metas&apos; was not found (logging-must-use-literal-metas)]]></failure></testcase>
<testcase time="0" name="org.eslint.only-import-type"><failure message="Definition for rule &apos;only-import-type&apos; was not found"><![CDATA[line 2, col 1, Error - Definition for rule &apos;only-import-type&apos; was not found (only-import-type)]]></failure></testcase>
<testcase time="0" name="org.eslint.array-concat-assignment"><failure message="Definition for rule &apos;array-concat-assignment&apos; was not found"><![CDATA[line 2, col 1, Error - Definition for rule &apos;array-concat-assignment&apos; was not found (array-concat-assignment)]]></failure></testcase>
<testcase time="0" name="org.eslint.no-annotations-without-flow"><failure message="Definition for rule &apos;no-annotations-without-flow&apos; was not found"><![CDATA[line 2, col 1, Error - Definition for rule &apos;no-annotations-without-flow&apos; was not found (no-annotations-without-flow)]]></failure></testcase>
<testcase time="0" name="org.eslint.require-bluebird-before-using-promise"><failure message="Definition for rule &apos;require-bluebird-before-using-promise&apos; was not found"><![CDATA[line 2, col 1, Error - Definition for rule &apos;require-bluebird-before-using-promise&apos; was not found (require-bluebird-before-using-promise)]]></failure></testcase>
<testcase time="0" name="org.eslint.maximum-file-length"><failure message="Definition for rule &apos;maximum-file-length&apos; was not found"><![CDATA[line 2, col 1, Error - Definition for rule &apos;maximum-file-length&apos; was not found (maximum-file-length)]]></failure></testcase>
<testcase time="0" name="org.eslint.regexes-require-comments"><failure message="Definition for rule &apos;regexes-require-comments&apos; was not found"><![CDATA[line 2, col 1, Error - Definition for rule &apos;regexes-require-comments&apos; was not found (regexes-require-comments)]]></failure></testcase>
<testcase time="0" name="org.eslint.do-not-use-warning"><failure message="Definition for rule &apos;do-not-use-warning&apos; was not found"><![CDATA[line 2, col 1, Error - Definition for rule &apos;do-not-use-warning&apos; was not found (do-not-use-warning)]]></failure></testcase>
<testcase time="0" name="org.eslint.array-concat-arguments"><failure message="Definition for rule &apos;array-concat-arguments&apos; was not found"><![CDATA[line 2, col 1, Error - Definition for rule &apos;array-concat-arguments&apos; was not found (array-concat-arguments)]]></failure></testcase>
<testcase time="0" name="org.eslint.do-not-just-write-err"><failure message="Definition for rule &apos;do-not-just-write-err&apos; was not found"><![CDATA[line 2, col 1, Error - Definition for rule &apos;do-not-just-write-err&apos; was not found (do-not-just-write-err)]]></failure></testcase>
<testcase time="0" name="org.eslint.no-single-param-identifier-logging"><failure message="Definition for rule &apos;no-single-param-identifier-logging&apos; was not found"><![CDATA[line 2, col 1, Error - Definition for rule &apos;no-single-param-identifier-logging&apos; was not found (no-single-param-identifier-logging)]]></failure></testcase>
<testcase time="0" name="org.eslint.valid_settings_only"><failure message="Definition for rule &apos;valid_settings_only&apos; was not found"><![CDATA[line 2, col 1, Error - Definition for rule &apos;valid_settings_only&apos; was not found (valid_settings_only)]]></failure></testcase>
<testcase time="0" name="org.eslint.do-not-use-git-url-parse"><failure message="Definition for rule &apos;do-not-use-git-url-parse&apos; was not found"><![CDATA[line 2, col 1, Error - Definition for rule &apos;do-not-use-git-url-parse&apos; was not found (do-not-use-git-url-parse)]]></failure></testcase>
<testcase time="0" name="org.eslint.must_throw_new"><failure message="Definition for rule &apos;must_throw_new&apos; was not found"><![CDATA[line 2, col 1, Error - Definition for rule &apos;must_throw_new&apos; was not found (must_throw_new)]]></failure></testcase>
<testcase time="0" name="org.eslint.must-return-run-vmcommand"><failure message="Definition for rule &apos;must-return-run-vmcommand&apos; was not found"><![CDATA[line 2, col 1, Error - Definition for rule &apos;must-return-run-vmcommand&apos; was not found (must-return-run-vmcommand)]]></failure></testcase>
<testcase time="0" name="org.eslint.avoid-ambiguous-expressions"><failure message="Definition for rule &apos;avoid-ambiguous-expressions&apos; was not found"><![CDATA[line 2, col 1, Error - Definition for rule &apos;avoid-ambiguous-expressions&apos; was not found (avoid-ambiguous-expressions)]]></failure></testcase>
</testsuite>
</testsuites>

