{"numFailedTestSuites":0,"numFailedTests":0,"numPassedTestSuites":2,"numPassedTests":4,"numPendingTestSuites":0,"numPendingTests":0,"numRuntimeErrorTestSuites":0,"numTotalTestSuites":2,"numTotalTests":4,"snapshot":{"added":0,"failure":false,"filesAdded":0,"filesRemoved":0,"filesUnmatched":0,"filesUpdated":0,"matched":0,"total":0,"unchecked":0,"unmatched":0,"updated":0},"startTime":1494373530725,"success":true,"testResults":[{"assertionResults":[{"failureMessages":[],"status":"passed","title":"renders correctly"}],"endTime":1494373541301,"message":"","name":"/Users/john/AwesomeProject/__tests__/index.android.js","startTime":1494373533105,"status":"passed","summary":""},{"assertionResults":[{"failureMessages":[],"status":"passed","title":"renders correctly"},{"failureMessages":[],"status":"passed","title":"simple test"},{"failureMessages":[],"status":"passed","title":"should fail this test"}],"endTime":1494373541305,"message":"","name":"/Users/john/AwesomeProject/__tests__/index.ios.js","startTime":1494373533107,"status":"passed","summary":""}],"wasInterrupted":false}