{"/Users/john/AwesomeProject/index.android.js": {"path":"/Users/john/AwesomeProject/index.android.js","statementMap":{"0":{"start":{"line":17,"column":4},"end":{"line":30,"column":6}},"1":{"start":{"line":34,"column":15},"end":{"line":51,"column":2}},"2":{"start":{"line":53,"column":0},"end":{"line":53,"column":70}},"3":{"start":{"line":53,"column":54},"end":{"line":53,"column":68}}},"fnMap":{"0":{"name":"(anonymous_0)","decl":{"start":{"line":16,"column":2},"end":{"line":16,"column":3}},"loc":{"start":{"line":16,"column":11},"end":{"line":31,"column":3}},"line":16},"1":{"name":"(anonymous_1)","decl":{"start":{"line":53,"column":48},"end":{"line":53,"column":49}},"loc":{"start":{"line":53,"column":54},"end":{"line":53,"column":68}},"line":53}},"branchMap":{},"s":{"0":1,"1":1,"2":1,"3":0},"f":{"0":1,"1":0},"b":{},"_coverageSchema":"332fd63041d2c1bcb487cc26dd0d5f7d97098a6c","hash":"dbac99273ef9ed907e34491a6d936c03047003be"}
,"/Users/john/AwesomeProject/index.ios.js": {"path":"/Users/john/AwesomeProject/index.ios.js","statementMap":{"0":{"start":{"line":17,"column":4},"end":{"line":30,"column":6}},"1":{"start":{"line":34,"column":15},"end":{"line":51,"column":2}},"2":{"start":{"line":53,"column":0},"end":{"line":53,"column":70}},"3":{"start":{"line":53,"column":54},"end":{"line":53,"column":68}}},"fnMap":{"0":{"name":"(anonymous_0)","decl":{"start":{"line":16,"column":2},"end":{"line":16,"column":3}},"loc":{"start":{"line":16,"column":11},"end":{"line":31,"column":3}},"line":16},"1":{"name":"(anonymous_1)","decl":{"start":{"line":53,"column":48},"end":{"line":53,"column":49}},"loc":{"start":{"line":53,"column":54},"end":{"line":53,"column":68}},"line":53}},"branchMap":{},"s":{"0":1,"1":1,"2":1,"3":0},"f":{"0":1,"1":0},"b":{},"_coverageSchema":"332fd63041d2c1bcb487cc26dd0d5f7d97098a6c","hash":"cef5e61c034aec416729f717d40d3fc8c216b254"}
}
